<?xml version="1.0" encoding="UTF-8"?>
<testsuite name="kr.co._29cm.homework.service.ProductServiceTest" tests="1" skipped="0" failures="0" errors="0" timestamp="2023-06-06T16:06:12" hostname="SKP1004683MN0001.local" time="0.014">
  <properties/>
  <testcase name="testFindAllProducts()" classname="kr.co._29cm.homework.service.ProductServiceTest" time="0.014"/>
  <system-out><![CDATA[2023-06-07 01:06:12.533  INFO 12390 --- [    Test worker] .b.t.c.SpringBootTestContextBootstrapper : Neither @ContextConfiguration nor @ContextHierarchy found for test class [kr.co._29cm.homework.service.ProductServiceTest], using SpringBootContextLoader
2023-06-07 01:06:12.534  INFO 12390 --- [    Test worker] o.s.t.c.support.AbstractContextLoader    : Could not detect default resource locations for test class [kr.co._29cm.homework.service.ProductServiceTest]: no resource found for suffixes {-context.xml, Context.groovy}.
2023-06-07 01:06:12.534  INFO 12390 --- [    Test worker] t.c.s.AnnotationConfigContextLoaderUtils : Could not detect default configuration classes for test class [kr.co._29cm.homework.service.ProductServiceTest]: ProductServiceTest does not declare any static, non-private, non-final, nested classes annotated with @Configuration.
2023-06-07 01:06:12.535  INFO 12390 --- [    Test worker] .b.t.c.SpringBootTestContextBootstrapper : Found @SpringBootConfiguration kr.co._29cm.homework.ToyProjectApplication for test class kr.co._29cm.homework.service.ProductServiceTest
2023-06-07 01:06:12.536  INFO 12390 --- [    Test worker] .b.t.c.SpringBootTestContextBootstrapper : Loaded default TestExecutionListener class names from location [META-INF/spring.factories]: [org.springframework.boot.test.autoconfigure.restdocs.RestDocsTestExecutionListener, org.springframework.boot.test.autoconfigure.web.client.MockRestServiceServerResetTestExecutionListener, org.springframework.boot.test.autoconfigure.web.servlet.MockMvcPrintOnlyOnFailureTestExecutionListener, org.springframework.boot.test.autoconfigure.web.servlet.WebDriverTestExecutionListener, org.springframework.boot.test.autoconfigure.webservices.client.MockWebServiceServerTestExecutionListener, org.springframework.boot.test.mock.mockito.MockitoTestExecutionListener, org.springframework.boot.test.mock.mockito.ResetMocksTestExecutionListener, org.springframework.test.context.web.ServletTestExecutionListener, org.springframework.test.context.support.DirtiesContextBeforeModesTestExecutionListener, org.springframework.test.context.event.ApplicationEventsTestExecutionListener, org.springframework.test.context.support.DependencyInjectionTestExecutionListener, org.springframework.test.context.support.DirtiesContextTestExecutionListener, org.springframework.test.context.transaction.TransactionalTestExecutionListener, org.springframework.test.context.jdbc.SqlScriptsTestExecutionListener, org.springframework.test.context.event.EventPublishingTestExecutionListener]
2023-06-07 01:06:12.536  INFO 12390 --- [    Test worker] .b.t.c.SpringBootTestContextBootstrapper : Using TestExecutionListeners: [org.springframework.test.context.web.ServletTestExecutionListener@e8fb390, org.springframework.test.context.support.DirtiesContextBeforeModesTestExecutionListener@4131f6db, org.springframework.test.context.event.ApplicationEventsTestExecutionListener@5cdf61d, org.springframework.boot.test.mock.mockito.MockitoTestExecutionListener@4509414e, org.springframework.boot.test.autoconfigure.SpringBootDependencyInjectionTestExecutionListener@36e9794c, org.springframework.test.context.support.DirtiesContextTestExecutionListener@78a0d664, org.springframework.test.context.transaction.TransactionalTestExecutionListener@1237aa73, org.springframework.test.context.jdbc.SqlScriptsTestExecutionListener@1dbb9a4a, org.springframework.test.context.event.EventPublishingTestExecutionListener@60e5b3a8, org.springframework.boot.test.autoconfigure.restdocs.RestDocsTestExecutionListener@1e084a26, org.springframework.boot.test.autoconfigure.web.client.MockRestServiceServerResetTestExecutionListener@31c31fa6, org.springframework.boot.test.autoconfigure.web.servlet.MockMvcPrintOnlyOnFailureTestExecutionListener@70ebaa1e, org.springframework.boot.test.autoconfigure.web.servlet.WebDriverTestExecutionListener@3d5e3f58, org.springframework.boot.test.autoconfigure.webservices.client.MockWebServiceServerTestExecutionListener@615b1baf, org.springframework.boot.test.mock.mockito.ResetMocksTestExecutionListener@48cc060d]
]]></system-out>
  <system-err><![CDATA[]]></system-err>
</testsuite>
