<?xml version="1.0" encoding="UTF-8"?>
<testsuite name="kr.co._29cm.homework.ToyProjectApplicationTests" tests="1" skipped="0" failures="0" errors="0" timestamp="2023-06-06T16:06:12" hostname="SKP1004683MN0001.local" time="0.079">
  <properties/>
  <testcase name="contextLoads()" classname="kr.co._29cm.homework.ToyProjectApplicationTests" time="0.079"/>
  <system-out><![CDATA[01:06:08.587 [Test worker] DEBUG org.springframework.test.context.BootstrapUtils - Instantiating CacheAwareContextLoaderDelegate from class [org.springframework.test.context.cache.DefaultCacheAwareContextLoaderDelegate]
01:06:08.594 [Test worker] DEBUG org.springframework.test.context.BootstrapUtils - Instantiating BootstrapContext using constructor [public org.springframework.test.context.support.DefaultBootstrapContext(java.lang.Class,org.springframework.test.context.CacheAwareContextLoaderDelegate)]
01:06:08.618 [Test worker] DEBUG org.springframework.test.context.BootstrapUtils - Instantiating TestContextBootstrapper for test class [kr.co._29cm.homework.ToyProjectApplicationTests] from class [org.springframework.boot.test.context.SpringBootTestContextBootstrapper]
01:06:08.625 [Test worker] INFO org.springframework.boot.test.context.SpringBootTestContextBootstrapper - Neither @ContextConfiguration nor @ContextHierarchy found for test class [kr.co._29cm.homework.ToyProjectApplicationTests], using SpringBootContextLoader
01:06:08.628 [Test worker] DEBUG org.springframework.test.context.support.AbstractContextLoader - Did not detect default resource location for test class [kr.co._29cm.homework.ToyProjectApplicationTests]: class path resource [kr/co/_29cm/homework/ToyProjectApplicationTests-context.xml] does not exist
01:06:08.628 [Test worker] DEBUG org.springframework.test.context.support.AbstractContextLoader - Did not detect default resource location for test class [kr.co._29cm.homework.ToyProjectApplicationTests]: class path resource [kr/co/_29cm/homework/ToyProjectApplicationTestsContext.groovy] does not exist
01:06:08.628 [Test worker] INFO org.springframework.test.context.support.AbstractContextLoader - Could not detect default resource locations for test class [kr.co._29cm.homework.ToyProjectApplicationTests]: no resource found for suffixes {-context.xml, Context.groovy}.
01:06:08.629 [Test worker] INFO org.springframework.test.context.support.AnnotationConfigContextLoaderUtils - Could not detect default configuration classes for test class [kr.co._29cm.homework.ToyProjectApplicationTests]: ToyProjectApplicationTests does not declare any static, non-private, non-final, nested classes annotated with @Configuration.
01:06:08.660 [Test worker] DEBUG org.springframework.test.context.support.ActiveProfilesUtils - Could not find an 'annotation declaring class' for annotation type [org.springframework.test.context.ActiveProfiles] and class [kr.co._29cm.homework.ToyProjectApplicationTests]
01:06:08.704 [Test worker] DEBUG org.springframework.context.annotation.ClassPathScanningCandidateComponentProvider - Identified candidate component class: file [/Users/1004683/Desktop/toyproject/build/classes/java/main/kr/co/_29cm/homework/ToyProjectApplication.class]
01:06:08.705 [Test worker] INFO org.springframework.boot.test.context.SpringBootTestContextBootstrapper - Found @SpringBootConfiguration kr.co._29cm.homework.ToyProjectApplication for test class kr.co._29cm.homework.ToyProjectApplicationTests
01:06:08.779 [Test worker] DEBUG org.springframework.boot.test.context.SpringBootTestContextBootstrapper - @TestExecutionListeners is not present for class [kr.co._29cm.homework.ToyProjectApplicationTests]: using defaults.
01:06:08.780 [Test worker] INFO org.springframework.boot.test.context.SpringBootTestContextBootstrapper - Loaded default TestExecutionListener class names from location [META-INF/spring.factories]: [org.springframework.boot.test.autoconfigure.restdocs.RestDocsTestExecutionListener, org.springframework.boot.test.autoconfigure.web.client.MockRestServiceServerResetTestExecutionListener, org.springframework.boot.test.autoconfigure.web.servlet.MockMvcPrintOnlyOnFailureTestExecutionListener, org.springframework.boot.test.autoconfigure.web.servlet.WebDriverTestExecutionListener, org.springframework.boot.test.autoconfigure.webservices.client.MockWebServiceServerTestExecutionListener, org.springframework.boot.test.mock.mockito.MockitoTestExecutionListener, org.springframework.boot.test.mock.mockito.ResetMocksTestExecutionListener, org.springframework.test.context.web.ServletTestExecutionListener, org.springframework.test.context.support.DirtiesContextBeforeModesTestExecutionListener, org.springframework.test.context.event.ApplicationEventsTestExecutionListener, org.springframework.test.context.support.DependencyInjectionTestExecutionListener, org.springframework.test.context.support.DirtiesContextTestExecutionListener, org.springframework.test.context.transaction.TransactionalTestExecutionListener, org.springframework.test.context.jdbc.SqlScriptsTestExecutionListener, org.springframework.test.context.event.EventPublishingTestExecutionListener]
01:06:08.800 [Test worker] INFO org.springframework.boot.test.context.SpringBootTestContextBootstrapper - Using TestExecutionListeners: [org.springframework.test.context.web.ServletTestExecutionListener@2102a4d5, org.springframework.test.context.support.DirtiesContextBeforeModesTestExecutionListener@210386e0, org.springframework.test.context.event.ApplicationEventsTestExecutionListener@3d4d3fe7, org.springframework.boot.test.mock.mockito.MockitoTestExecutionListener@65f87a2c, org.springframework.boot.test.autoconfigure.SpringBootDependencyInjectionTestExecutionListener@51684e4a, org.springframework.test.context.support.DirtiesContextTestExecutionListener@6ce1f601, org.springframework.test.context.transaction.TransactionalTestExecutionListener@38875e7d, org.springframework.test.context.jdbc.SqlScriptsTestExecutionListener@1e886a5b, org.springframework.test.context.event.EventPublishingTestExecutionListener@d816dde, org.springframework.boot.test.autoconfigure.restdocs.RestDocsTestExecutionListener@6e33c391, org.springframework.boot.test.autoconfigure.web.client.MockRestServiceServerResetTestExecutionListener@6c451c9c, org.springframework.boot.test.autoconfigure.web.servlet.MockMvcPrintOnlyOnFailureTestExecutionListener@31c269fd, org.springframework.boot.test.autoconfigure.web.servlet.WebDriverTestExecutionListener@372b0d86, org.springframework.boot.test.autoconfigure.webservices.client.MockWebServiceServerTestExecutionListener@47747fb9, org.springframework.boot.test.mock.mockito.ResetMocksTestExecutionListener@3113a37]
01:06:08.803 [Test worker] DEBUG org.springframework.test.context.support.AbstractDirtiesContextTestExecutionListener - Before test class: context [DefaultTestContext@66d23e4a testClass = ToyProjectApplicationTests, testInstance = [null], testMethod = [null], testException = [null], mergedContextConfiguration = [WebMergedContextConfiguration@36ac8a63 testClass = ToyProjectApplicationTests, locations = '{}', classes = '{class kr.co._29cm.homework.ToyProjectApplication}', contextInitializerClasses = '[]', activeProfiles = '{}', propertySourceLocations = '{}', propertySourceProperties = '{org.springframework.boot.test.context.SpringBootTestContextBootstrapper=true}', contextCustomizers = set[org.springframework.boot.test.autoconfigure.actuate.metrics.MetricsExportContextCustomizerFactory$DisableMetricExportContextCustomizer@c1bd0be, org.springframework.boot.test.autoconfigure.properties.PropertyMappingContextCustomizer@0, org.springframework.boot.test.autoconfigure.web.servlet.WebDriverContextCustomizerFactory$Customizer@6035b93b, org.springframework.boot.test.context.filter.ExcludeFilterContextCustomizer@1a7288a3, org.springframework.boot.test.json.DuplicateJsonObjectContextCustomizerFactory$DuplicateJsonObjectContextCustomizer@68b6f0d6, org.springframework.boot.test.mock.mockito.MockitoContextCustomizer@0, org.springframework.boot.test.web.client.TestRestTemplateContextCustomizer@75f65e45, org.springframework.boot.test.context.SpringBootTestArgs@1, org.springframework.boot.test.context.SpringBootTestWebEnvironment@7975d1d8], resourceBasePath = 'src/main/webapp', contextLoader = 'org.springframework.boot.test.context.SpringBootContextLoader', parent = [null]], attributes = map['org.springframework.test.context.web.ServletTestExecutionListener.activateListener' -> true]], class annotated with @DirtiesContext [false] with mode [null].

  .   ____          _            __ _ _
 /\\ / ___'_ __ _ _(_)_ __  __ _ \ \ \ \
( ( )\___ | '_ | '_| | '_ \/ _` | \ \ \ \
 \\/  ___)| |_)| | | | | || (_| |  ) ) ) )
  '  |____| .__|_| |_|_| |_\__, | / / / /
 =========|_|==============|___/=/_/_/_/
 :: Spring Boot ::               (v2.7.12)

2023-06-07 01:06:09.074  INFO 12390 --- [    Test worker] k.c._.h.ToyProjectApplicationTests       : Starting ToyProjectApplicationTests using Java 11.0.11 on SKP1004683MN0001.local with PID 12390 (started by 1004683 in /Users/1004683/Desktop/toyproject)
2023-06-07 01:06:09.075  INFO 12390 --- [    Test worker] k.c._.h.ToyProjectApplicationTests       : No active profile set, falling back to 1 default profile: "default"
2023-06-07 01:06:09.574  INFO 12390 --- [    Test worker] .s.d.r.c.RepositoryConfigurationDelegate : Bootstrapping Spring Data JPA repositories in DEFAULT mode.
2023-06-07 01:06:09.645  INFO 12390 --- [    Test worker] .s.d.r.c.RepositoryConfigurationDelegate : Finished Spring Data repository scanning in 65 ms. Found 3 JPA repository interfaces.
2023-06-07 01:06:10.045  INFO 12390 --- [    Test worker] o.hibernate.jpa.internal.util.LogHelper  : HHH000204: Processing PersistenceUnitInfo [name: default]
2023-06-07 01:06:10.080  INFO 12390 --- [    Test worker] org.hibernate.Version                    : HHH000412: Hibernate ORM core version 5.6.15.Final
2023-06-07 01:06:10.219  INFO 12390 --- [    Test worker] o.hibernate.annotations.common.Version   : HCANN000001: Hibernate Commons Annotations {5.1.2.Final}
2023-06-07 01:06:10.314  INFO 12390 --- [    Test worker] com.zaxxer.hikari.HikariDataSource       : HikariPool-1 - Starting...
2023-06-07 01:06:10.500  INFO 12390 --- [    Test worker] com.zaxxer.hikari.HikariDataSource       : HikariPool-1 - Start completed.
2023-06-07 01:06:10.518  INFO 12390 --- [    Test worker] org.hibernate.dialect.Dialect            : HHH000400: Using dialect: org.hibernate.dialect.H2Dialect
2023-06-07 01:06:11.097  INFO 12390 --- [    Test worker] o.h.e.t.j.p.i.JtaPlatformInitiator       : HHH000490: Using JtaPlatform implementation: [org.hibernate.engine.transaction.jta.platform.internal.NoJtaPlatform]
2023-06-07 01:06:11.119  INFO 12390 --- [    Test worker] j.LocalContainerEntityManagerFactoryBean : Initialized JPA EntityManagerFactory for persistence unit 'default'
2023-06-07 01:06:11.881  INFO 12390 --- [    Test worker] o.s.b.a.h2.H2ConsoleAutoConfiguration    : H2 console available at '/h2-console'. Database available at 'jdbc:h2:mem:29cm'
2023-06-07 01:06:12.149  INFO 12390 --- [    Test worker] k.c._.h.ToyProjectApplicationTests       : Started ToyProjectApplicationTests in 3.317 seconds (JVM running for 4.217)
]]></system-out>
  <system-err><![CDATA[]]></system-err>
</testsuite>
