<?xml version="1.0" encoding="UTF-8"?>
<testsuite name="kr.co._29cm.homework.service.StockServiceTest" tests="2" skipped="0" failures="0" errors="0" timestamp="2023-06-06T16:06:12" hostname="SKP1004683MN0001.local" time="0.016">
  <properties/>
  <testcase name="decrease()" classname="kr.co._29cm.homework.service.StockServiceTest" time="0.007"/>
  <testcase name="decreaseSoldOutException()" classname="kr.co._29cm.homework.service.StockServiceTest" time="0.008"/>
  <system-out><![CDATA[2023-06-07 01:06:12.554  INFO 12390 --- [    Test worker] .b.t.c.SpringBootTestContextBootstrapper : Neither @ContextConfiguration nor @ContextHierarchy found for test class [kr.co._29cm.homework.service.StockServiceTest], using SpringBootContextLoader
2023-06-07 01:06:12.555  INFO 12390 --- [    Test worker] o.s.t.c.support.AbstractContextLoader    : Could not detect default resource locations for test class [kr.co._29cm.homework.service.StockServiceTest]: no resource found for suffixes {-context.xml, Context.groovy}.
2023-06-07 01:06:12.555  INFO 12390 --- [    Test worker] t.c.s.AnnotationConfigContextLoaderUtils : Could not detect default configuration classes for test class [kr.co._29cm.homework.service.StockServiceTest]: StockServiceTest does not declare any static, non-private, non-final, nested classes annotated with @Configuration.
2023-06-07 01:06:12.556  INFO 12390 --- [    Test worker] .b.t.c.SpringBootTestContextBootstrapper : Found @SpringBootConfiguration kr.co._29cm.homework.ToyProjectApplication for test class kr.co._29cm.homework.service.StockServiceTest
2023-06-07 01:06:12.557  INFO 12390 --- [    Test worker] .b.t.c.SpringBootTestContextBootstrapper : Loaded default TestExecutionListener class names from location [META-INF/spring.factories]: [org.springframework.boot.test.autoconfigure.restdocs.RestDocsTestExecutionListener, org.springframework.boot.test.autoconfigure.web.client.MockRestServiceServerResetTestExecutionListener, org.springframework.boot.test.autoconfigure.web.servlet.MockMvcPrintOnlyOnFailureTestExecutionListener, org.springframework.boot.test.autoconfigure.web.servlet.WebDriverTestExecutionListener, org.springframework.boot.test.autoconfigure.webservices.client.MockWebServiceServerTestExecutionListener, org.springframework.boot.test.mock.mockito.MockitoTestExecutionListener, org.springframework.boot.test.mock.mockito.ResetMocksTestExecutionListener, org.springframework.test.context.web.ServletTestExecutionListener, org.springframework.test.context.support.DirtiesContextBeforeModesTestExecutionListener, org.springframework.test.context.event.ApplicationEventsTestExecutionListener, org.springframework.test.context.support.DependencyInjectionTestExecutionListener, org.springframework.test.context.support.DirtiesContextTestExecutionListener, org.springframework.test.context.transaction.TransactionalTestExecutionListener, org.springframework.test.context.jdbc.SqlScriptsTestExecutionListener, org.springframework.test.context.event.EventPublishingTestExecutionListener]
2023-06-07 01:06:12.557  INFO 12390 --- [    Test worker] .b.t.c.SpringBootTestContextBootstrapper : Using TestExecutionListeners: [org.springframework.test.context.web.ServletTestExecutionListener@53fb3e1b, org.springframework.test.context.support.DirtiesContextBeforeModesTestExecutionListener@f5a680, org.springframework.test.context.event.ApplicationEventsTestExecutionListener@48a2b492, org.springframework.boot.test.mock.mockito.MockitoTestExecutionListener@7bf997e0, org.springframework.boot.test.autoconfigure.SpringBootDependencyInjectionTestExecutionListener@71f86562, org.springframework.test.context.support.DirtiesContextTestExecutionListener@5c141c7b, org.springframework.test.context.transaction.TransactionalTestExecutionListener@14f254f, org.springframework.test.context.jdbc.SqlScriptsTestExecutionListener@363ee411, org.springframework.test.context.event.EventPublishingTestExecutionListener@4df54c1, org.springframework.boot.test.autoconfigure.restdocs.RestDocsTestExecutionListener@785477e5, org.springframework.boot.test.autoconfigure.web.client.MockRestServiceServerResetTestExecutionListener@c950fd, org.springframework.boot.test.autoconfigure.web.servlet.MockMvcPrintOnlyOnFailureTestExecutionListener@41962299, org.springframework.boot.test.autoconfigure.web.servlet.WebDriverTestExecutionListener@3f910f36, org.springframework.boot.test.autoconfigure.webservices.client.MockWebServiceServerTestExecutionListener@6421bc7e, org.springframework.boot.test.mock.mockito.ResetMocksTestExecutionListener@2e2546bf]
2023-06-07 01:06:12.560  INFO 12390 --- [    Test worker] o.s.t.c.transaction.TransactionContext   : Began transaction (1) for test context [DefaultTestContext@a3e458 testClass = StockServiceTest, testInstance = kr.co._29cm.homework.service.StockServiceTest@4b74a4d, testMethod = decrease@StockServiceTest, testException = [null], mergedContextConfiguration = [WebMergedContextConfiguration@63df2eb8 testClass = StockServiceTest, locations = '{}', classes = '{class kr.co._29cm.homework.ToyProjectApplication}', contextInitializerClasses = '[]', activeProfiles = '{}', propertySourceLocations = '{}', propertySourceProperties = '{org.springframework.boot.test.context.SpringBootTestContextBootstrapper=true}', contextCustomizers = set[org.springframework.boot.test.autoconfigure.actuate.metrics.MetricsExportContextCustomizerFactory$DisableMetricExportContextCustomizer@c1bd0be, org.springframework.boot.test.autoconfigure.properties.PropertyMappingContextCustomizer@0, org.springframework.boot.test.autoconfigure.web.servlet.WebDriverContextCustomizerFactory$Customizer@6035b93b, org.springframework.boot.test.context.filter.ExcludeFilterContextCustomizer@1a7288a3, org.springframework.boot.test.json.DuplicateJsonObjectContextCustomizerFactory$DuplicateJsonObjectContextCustomizer@68b6f0d6, org.springframework.boot.test.mock.mockito.MockitoContextCustomizer@0, org.springframework.boot.test.web.client.TestRestTemplateContextCustomizer@75f65e45, org.springframework.boot.test.context.SpringBootTestArgs@1, org.springframework.boot.test.context.SpringBootTestWebEnvironment@7975d1d8], resourceBasePath = 'src/main/webapp', contextLoader = 'org.springframework.boot.test.context.SpringBootContextLoader', parent = [null]], attributes = map['org.springframework.test.context.web.ServletTestExecutionListener.activateListener' -> true, 'org.springframework.test.context.web.ServletTestExecutionListener.populatedRequestContextHolder' -> true, 'org.springframework.test.context.web.ServletTestExecutionListener.resetRequestContextHolder' -> true, 'org.springframework.test.context.event.ApplicationEventsTestExecutionListener.recordApplicationEvents' -> false]]; transaction manager [org.springframework.orm.jpa.JpaTransactionManager@66428512]; rollback [true]
2023-06-07 01:06:12.566  INFO 12390 --- [    Test worker] o.s.t.c.transaction.TransactionContext   : Rolled back transaction for test: [DefaultTestContext@a3e458 testClass = StockServiceTest, testInstance = kr.co._29cm.homework.service.StockServiceTest@4b74a4d, testMethod = decrease@StockServiceTest, testException = [null], mergedContextConfiguration = [WebMergedContextConfiguration@63df2eb8 testClass = StockServiceTest, locations = '{}', classes = '{class kr.co._29cm.homework.ToyProjectApplication}', contextInitializerClasses = '[]', activeProfiles = '{}', propertySourceLocations = '{}', propertySourceProperties = '{org.springframework.boot.test.context.SpringBootTestContextBootstrapper=true}', contextCustomizers = set[org.springframework.boot.test.autoconfigure.actuate.metrics.MetricsExportContextCustomizerFactory$DisableMetricExportContextCustomizer@c1bd0be, org.springframework.boot.test.autoconfigure.properties.PropertyMappingContextCustomizer@0, org.springframework.boot.test.autoconfigure.web.servlet.WebDriverContextCustomizerFactory$Customizer@6035b93b, org.springframework.boot.test.context.filter.ExcludeFilterContextCustomizer@1a7288a3, org.springframework.boot.test.json.DuplicateJsonObjectContextCustomizerFactory$DuplicateJsonObjectContextCustomizer@68b6f0d6, org.springframework.boot.test.mock.mockito.MockitoContextCustomizer@0, org.springframework.boot.test.web.client.TestRestTemplateContextCustomizer@75f65e45, org.springframework.boot.test.context.SpringBootTestArgs@1, org.springframework.boot.test.context.SpringBootTestWebEnvironment@7975d1d8], resourceBasePath = 'src/main/webapp', contextLoader = 'org.springframework.boot.test.context.SpringBootContextLoader', parent = [null]], attributes = map['org.springframework.test.context.web.ServletTestExecutionListener.activateListener' -> true, 'org.springframework.test.context.web.ServletTestExecutionListener.populatedRequestContextHolder' -> true, 'org.springframework.test.context.web.ServletTestExecutionListener.resetRequestContextHolder' -> true, 'org.springframework.test.context.event.ApplicationEventsTestExecutionListener.recordApplicationEvents' -> false]]
2023-06-07 01:06:12.569  INFO 12390 --- [    Test worker] o.s.t.c.transaction.TransactionContext   : Began transaction (1) for test context [DefaultTestContext@a3e458 testClass = StockServiceTest, testInstance = kr.co._29cm.homework.service.StockServiceTest@39dee5fd, testMethod = decreaseSoldOutException@StockServiceTest, testException = [null], mergedContextConfiguration = [WebMergedContextConfiguration@63df2eb8 testClass = StockServiceTest, locations = '{}', classes = '{class kr.co._29cm.homework.ToyProjectApplication}', contextInitializerClasses = '[]', activeProfiles = '{}', propertySourceLocations = '{}', propertySourceProperties = '{org.springframework.boot.test.context.SpringBootTestContextBootstrapper=true}', contextCustomizers = set[org.springframework.boot.test.autoconfigure.actuate.metrics.MetricsExportContextCustomizerFactory$DisableMetricExportContextCustomizer@c1bd0be, org.springframework.boot.test.autoconfigure.properties.PropertyMappingContextCustomizer@0, org.springframework.boot.test.autoconfigure.web.servlet.WebDriverContextCustomizerFactory$Customizer@6035b93b, org.springframework.boot.test.context.filter.ExcludeFilterContextCustomizer@1a7288a3, org.springframework.boot.test.json.DuplicateJsonObjectContextCustomizerFactory$DuplicateJsonObjectContextCustomizer@68b6f0d6, org.springframework.boot.test.mock.mockito.MockitoContextCustomizer@0, org.springframework.boot.test.web.client.TestRestTemplateContextCustomizer@75f65e45, org.springframework.boot.test.context.SpringBootTestArgs@1, org.springframework.boot.test.context.SpringBootTestWebEnvironment@7975d1d8], resourceBasePath = 'src/main/webapp', contextLoader = 'org.springframework.boot.test.context.SpringBootContextLoader', parent = [null]], attributes = map['org.springframework.test.context.web.ServletTestExecutionListener.activateListener' -> true, 'org.springframework.test.context.web.ServletTestExecutionListener.populatedRequestContextHolder' -> true, 'org.springframework.test.context.web.ServletTestExecutionListener.resetRequestContextHolder' -> true, 'org.springframework.test.context.event.ApplicationEventsTestExecutionListener.recordApplicationEvents' -> false]]; transaction manager [org.springframework.orm.jpa.JpaTransactionManager@66428512]; rollback [true]
2023-06-07 01:06:12.575  INFO 12390 --- [    Test worker] o.s.t.c.transaction.TransactionContext   : Rolled back transaction for test: [DefaultTestContext@a3e458 testClass = StockServiceTest, testInstance = kr.co._29cm.homework.service.StockServiceTest@39dee5fd, testMethod = decreaseSoldOutException@StockServiceTest, testException = [null], mergedContextConfiguration = [WebMergedContextConfiguration@63df2eb8 testClass = StockServiceTest, locations = '{}', classes = '{class kr.co._29cm.homework.ToyProjectApplication}', contextInitializerClasses = '[]', activeProfiles = '{}', propertySourceLocations = '{}', propertySourceProperties = '{org.springframework.boot.test.context.SpringBootTestContextBootstrapper=true}', contextCustomizers = set[org.springframework.boot.test.autoconfigure.actuate.metrics.MetricsExportContextCustomizerFactory$DisableMetricExportContextCustomizer@c1bd0be, org.springframework.boot.test.autoconfigure.properties.PropertyMappingContextCustomizer@0, org.springframework.boot.test.autoconfigure.web.servlet.WebDriverContextCustomizerFactory$Customizer@6035b93b, org.springframework.boot.test.context.filter.ExcludeFilterContextCustomizer@1a7288a3, org.springframework.boot.test.json.DuplicateJsonObjectContextCustomizerFactory$DuplicateJsonObjectContextCustomizer@68b6f0d6, org.springframework.boot.test.mock.mockito.MockitoContextCustomizer@0, org.springframework.boot.test.web.client.TestRestTemplateContextCustomizer@75f65e45, org.springframework.boot.test.context.SpringBootTestArgs@1, org.springframework.boot.test.context.SpringBootTestWebEnvironment@7975d1d8], resourceBasePath = 'src/main/webapp', contextLoader = 'org.springframework.boot.test.context.SpringBootContextLoader', parent = [null]], attributes = map['org.springframework.test.context.web.ServletTestExecutionListener.activateListener' -> true, 'org.springframework.test.context.web.ServletTestExecutionListener.populatedRequestContextHolder' -> true, 'org.springframework.test.context.web.ServletTestExecutionListener.resetRequestContextHolder' -> true, 'org.springframework.test.context.event.ApplicationEventsTestExecutionListener.recordApplicationEvents' -> false]]
]]></system-out>
  <system-err><![CDATA[]]></system-err>
</testsuite>
