<?xml version="1.0" encoding="UTF-8"?>
<testsuite name="kr.co._29cm.homework.service.OrderServiceTest" tests="2" skipped="0" failures="0" errors="0" timestamp="2023-06-06T16:06:12" hostname="SKP1004683MN0001.local" time="0.271">
  <properties/>
  <testcase name="requestOrderMultiThreads()" classname="kr.co._29cm.homework.service.OrderServiceTest" time="0.235"/>
  <testcase name="requestOrder()" classname="kr.co._29cm.homework.service.OrderServiceTest" time="0.035"/>
  <system-out><![CDATA[2023-06-07 01:06:12.248  INFO 12390 --- [    Test worker] .b.t.c.SpringBootTestContextBootstrapper : Neither @ContextConfiguration nor @ContextHierarchy found for test class [kr.co._29cm.homework.service.OrderServiceTest], using SpringBootContextLoader
2023-06-07 01:06:12.249  INFO 12390 --- [    Test worker] o.s.t.c.support.AbstractContextLoader    : Could not detect default resource locations for test class [kr.co._29cm.homework.service.OrderServiceTest]: no resource found for suffixes {-context.xml, Context.groovy}.
2023-06-07 01:06:12.249  INFO 12390 --- [    Test worker] t.c.s.AnnotationConfigContextLoaderUtils : Could not detect default configuration classes for test class [kr.co._29cm.homework.service.OrderServiceTest]: OrderServiceTest does not declare any static, non-private, non-final, nested classes annotated with @Configuration.
2023-06-07 01:06:12.255  INFO 12390 --- [    Test worker] .b.t.c.SpringBootTestContextBootstrapper : Found @SpringBootConfiguration kr.co._29cm.homework.ToyProjectApplication for test class kr.co._29cm.homework.service.OrderServiceTest
2023-06-07 01:06:12.256  INFO 12390 --- [    Test worker] .b.t.c.SpringBootTestContextBootstrapper : Loaded default TestExecutionListener class names from location [META-INF/spring.factories]: [org.springframework.boot.test.autoconfigure.restdocs.RestDocsTestExecutionListener, org.springframework.boot.test.autoconfigure.web.client.MockRestServiceServerResetTestExecutionListener, org.springframework.boot.test.autoconfigure.web.servlet.MockMvcPrintOnlyOnFailureTestExecutionListener, org.springframework.boot.test.autoconfigure.web.servlet.WebDriverTestExecutionListener, org.springframework.boot.test.autoconfigure.webservices.client.MockWebServiceServerTestExecutionListener, org.springframework.boot.test.mock.mockito.MockitoTestExecutionListener, org.springframework.boot.test.mock.mockito.ResetMocksTestExecutionListener, org.springframework.test.context.web.ServletTestExecutionListener, org.springframework.test.context.support.DirtiesContextBeforeModesTestExecutionListener, org.springframework.test.context.event.ApplicationEventsTestExecutionListener, org.springframework.test.context.support.DependencyInjectionTestExecutionListener, org.springframework.test.context.support.DirtiesContextTestExecutionListener, org.springframework.test.context.transaction.TransactionalTestExecutionListener, org.springframework.test.context.jdbc.SqlScriptsTestExecutionListener, org.springframework.test.context.event.EventPublishingTestExecutionListener]
2023-06-07 01:06:12.256  INFO 12390 --- [    Test worker] .b.t.c.SpringBootTestContextBootstrapper : Using TestExecutionListeners: [org.springframework.test.context.web.ServletTestExecutionListener@2027d56f, org.springframework.test.context.support.DirtiesContextBeforeModesTestExecutionListener@44c54463, org.springframework.test.context.event.ApplicationEventsTestExecutionListener@64b20d9c, org.springframework.boot.test.mock.mockito.MockitoTestExecutionListener@6fc3f1a7, org.springframework.boot.test.autoconfigure.SpringBootDependencyInjectionTestExecutionListener@7151dd9d, org.springframework.test.context.support.DirtiesContextTestExecutionListener@1f596988, org.springframework.test.context.transaction.TransactionalTestExecutionListener@6bf34912, org.springframework.test.context.jdbc.SqlScriptsTestExecutionListener@1bcdd302, org.springframework.test.context.event.EventPublishingTestExecutionListener@648f48d3, org.springframework.boot.test.autoconfigure.restdocs.RestDocsTestExecutionListener@30ce78e3, org.springframework.boot.test.autoconfigure.web.client.MockRestServiceServerResetTestExecutionListener@41041c31, org.springframework.boot.test.autoconfigure.web.servlet.MockMvcPrintOnlyOnFailureTestExecutionListener@34a482d0, org.springframework.boot.test.autoconfigure.web.servlet.WebDriverTestExecutionListener@2a738d47, org.springframework.boot.test.autoconfigure.webservices.client.MockWebServiceServerTestExecutionListener@6939f18a, org.springframework.boot.test.mock.mockito.ResetMocksTestExecutionListener@8bd9d08]
2023-06-07 01:06:12.266  INFO 12390 --- [    Test worker] o.s.t.c.transaction.TransactionContext   : Began transaction (1) for test context [DefaultTestContext@e353e1d testClass = OrderServiceTest, testInstance = kr.co._29cm.homework.service.OrderServiceTest@1a1c308b, testMethod = requestOrderMultiThreads@OrderServiceTest, testException = [null], mergedContextConfiguration = [WebMergedContextConfiguration@d4dbb34 testClass = OrderServiceTest, locations = '{}', classes = '{class kr.co._29cm.homework.ToyProjectApplication}', contextInitializerClasses = '[]', activeProfiles = '{}', propertySourceLocations = '{}', propertySourceProperties = '{org.springframework.boot.test.context.SpringBootTestContextBootstrapper=true}', contextCustomizers = set[org.springframework.boot.test.autoconfigure.actuate.metrics.MetricsExportContextCustomizerFactory$DisableMetricExportContextCustomizer@c1bd0be, org.springframework.boot.test.autoconfigure.properties.PropertyMappingContextCustomizer@0, org.springframework.boot.test.autoconfigure.web.servlet.WebDriverContextCustomizerFactory$Customizer@6035b93b, org.springframework.boot.test.context.filter.ExcludeFilterContextCustomizer@1a7288a3, org.springframework.boot.test.json.DuplicateJsonObjectContextCustomizerFactory$DuplicateJsonObjectContextCustomizer@68b6f0d6, org.springframework.boot.test.mock.mockito.MockitoContextCustomizer@0, org.springframework.boot.test.web.client.TestRestTemplateContextCustomizer@75f65e45, org.springframework.boot.test.context.SpringBootTestArgs@1, org.springframework.boot.test.context.SpringBootTestWebEnvironment@7975d1d8], resourceBasePath = 'src/main/webapp', contextLoader = 'org.springframework.boot.test.context.SpringBootContextLoader', parent = [null]], attributes = map['org.springframework.test.context.web.ServletTestExecutionListener.activateListener' -> true, 'org.springframework.test.context.web.ServletTestExecutionListener.populatedRequestContextHolder' -> true, 'org.springframework.test.context.web.ServletTestExecutionListener.resetRequestContextHolder' -> true, 'org.springframework.test.context.event.ApplicationEventsTestExecutionListener.recordApplicationEvents' -> false]]; transaction manager [org.springframework.orm.jpa.JpaTransactionManager@66428512]; rollback [true]
주문한 상품량이 재고량보다 큽니다.
주문한 상품량이 재고량보다 큽니다.
주문한 상품량이 재고량보다 큽니다.
주문한 상품량이 재고량보다 큽니다.
주문한 상품량이 재고량보다 큽니다.
주문한 상품량이 재고량보다 큽니다.
주문한 상품량이 재고량보다 큽니다.
주문한 상품량이 재고량보다 큽니다.
주문한 상품량이 재고량보다 큽니다.
주문한 상품량이 재고량보다 큽니다.
주문한 상품량이 재고량보다 큽니다.
주문한 상품량이 재고량보다 큽니다.
주문한 상품량이 재고량보다 큽니다.
주문한 상품량이 재고량보다 큽니다.
주문한 상품량이 재고량보다 큽니다.
주문한 상품량이 재고량보다 큽니다.
주문한 상품량이 재고량보다 큽니다.
주문한 상품량이 재고량보다 큽니다.
주문한 상품량이 재고량보다 큽니다.
주문한 상품량이 재고량보다 큽니다.
주문한 상품량이 재고량보다 큽니다.
주문한 상품량이 재고량보다 큽니다.
주문한 상품량이 재고량보다 큽니다.
주문한 상품량이 재고량보다 큽니다.
주문한 상품량이 재고량보다 큽니다.
2023-06-07 01:06:12.495  INFO 12390 --- [    Test worker] o.s.t.c.transaction.TransactionContext   : Rolled back transaction for test: [DefaultTestContext@e353e1d testClass = OrderServiceTest, testInstance = kr.co._29cm.homework.service.OrderServiceTest@1a1c308b, testMethod = requestOrderMultiThreads@OrderServiceTest, testException = [null], mergedContextConfiguration = [WebMergedContextConfiguration@d4dbb34 testClass = OrderServiceTest, locations = '{}', classes = '{class kr.co._29cm.homework.ToyProjectApplication}', contextInitializerClasses = '[]', activeProfiles = '{}', propertySourceLocations = '{}', propertySourceProperties = '{org.springframework.boot.test.context.SpringBootTestContextBootstrapper=true}', contextCustomizers = set[org.springframework.boot.test.autoconfigure.actuate.metrics.MetricsExportContextCustomizerFactory$DisableMetricExportContextCustomizer@c1bd0be, org.springframework.boot.test.autoconfigure.properties.PropertyMappingContextCustomizer@0, org.springframework.boot.test.autoconfigure.web.servlet.WebDriverContextCustomizerFactory$Customizer@6035b93b, org.springframework.boot.test.context.filter.ExcludeFilterContextCustomizer@1a7288a3, org.springframework.boot.test.json.DuplicateJsonObjectContextCustomizerFactory$DuplicateJsonObjectContextCustomizer@68b6f0d6, org.springframework.boot.test.mock.mockito.MockitoContextCustomizer@0, org.springframework.boot.test.web.client.TestRestTemplateContextCustomizer@75f65e45, org.springframework.boot.test.context.SpringBootTestArgs@1, org.springframework.boot.test.context.SpringBootTestWebEnvironment@7975d1d8], resourceBasePath = 'src/main/webapp', contextLoader = 'org.springframework.boot.test.context.SpringBootContextLoader', parent = [null]], attributes = map['org.springframework.test.context.web.ServletTestExecutionListener.activateListener' -> true, 'org.springframework.test.context.web.ServletTestExecutionListener.populatedRequestContextHolder' -> true, 'org.springframework.test.context.web.ServletTestExecutionListener.resetRequestContextHolder' -> true, 'org.springframework.test.context.event.ApplicationEventsTestExecutionListener.recordApplicationEvents' -> false]]
2023-06-07 01:06:12.497  INFO 12390 --- [    Test worker] o.s.t.c.transaction.TransactionContext   : Began transaction (1) for test context [DefaultTestContext@e353e1d testClass = OrderServiceTest, testInstance = kr.co._29cm.homework.service.OrderServiceTest@6df4d8f1, testMethod = requestOrder@OrderServiceTest, testException = [null], mergedContextConfiguration = [WebMergedContextConfiguration@d4dbb34 testClass = OrderServiceTest, locations = '{}', classes = '{class kr.co._29cm.homework.ToyProjectApplication}', contextInitializerClasses = '[]', activeProfiles = '{}', propertySourceLocations = '{}', propertySourceProperties = '{org.springframework.boot.test.context.SpringBootTestContextBootstrapper=true}', contextCustomizers = set[org.springframework.boot.test.autoconfigure.actuate.metrics.MetricsExportContextCustomizerFactory$DisableMetricExportContextCustomizer@c1bd0be, org.springframework.boot.test.autoconfigure.properties.PropertyMappingContextCustomizer@0, org.springframework.boot.test.autoconfigure.web.servlet.WebDriverContextCustomizerFactory$Customizer@6035b93b, org.springframework.boot.test.context.filter.ExcludeFilterContextCustomizer@1a7288a3, org.springframework.boot.test.json.DuplicateJsonObjectContextCustomizerFactory$DuplicateJsonObjectContextCustomizer@68b6f0d6, org.springframework.boot.test.mock.mockito.MockitoContextCustomizer@0, org.springframework.boot.test.web.client.TestRestTemplateContextCustomizer@75f65e45, org.springframework.boot.test.context.SpringBootTestArgs@1, org.springframework.boot.test.context.SpringBootTestWebEnvironment@7975d1d8], resourceBasePath = 'src/main/webapp', contextLoader = 'org.springframework.boot.test.context.SpringBootContextLoader', parent = [null]], attributes = map['org.springframework.test.context.web.ServletTestExecutionListener.activateListener' -> true, 'org.springframework.test.context.web.ServletTestExecutionListener.populatedRequestContextHolder' -> true, 'org.springframework.test.context.web.ServletTestExecutionListener.resetRequestContextHolder' -> true, 'org.springframework.test.context.event.ApplicationEventsTestExecutionListener.recordApplicationEvents' -> false]]; transaction manager [org.springframework.orm.jpa.JpaTransactionManager@66428512]; rollback [true]
2023-06-07 01:06:12.531  INFO 12390 --- [    Test worker] o.s.t.c.transaction.TransactionContext   : Rolled back transaction for test: [DefaultTestContext@e353e1d testClass = OrderServiceTest, testInstance = kr.co._29cm.homework.service.OrderServiceTest@6df4d8f1, testMethod = requestOrder@OrderServiceTest, testException = [null], mergedContextConfiguration = [WebMergedContextConfiguration@d4dbb34 testClass = OrderServiceTest, locations = '{}', classes = '{class kr.co._29cm.homework.ToyProjectApplication}', contextInitializerClasses = '[]', activeProfiles = '{}', propertySourceLocations = '{}', propertySourceProperties = '{org.springframework.boot.test.context.SpringBootTestContextBootstrapper=true}', contextCustomizers = set[org.springframework.boot.test.autoconfigure.actuate.metrics.MetricsExportContextCustomizerFactory$DisableMetricExportContextCustomizer@c1bd0be, org.springframework.boot.test.autoconfigure.properties.PropertyMappingContextCustomizer@0, org.springframework.boot.test.autoconfigure.web.servlet.WebDriverContextCustomizerFactory$Customizer@6035b93b, org.springframework.boot.test.context.filter.ExcludeFilterContextCustomizer@1a7288a3, org.springframework.boot.test.json.DuplicateJsonObjectContextCustomizerFactory$DuplicateJsonObjectContextCustomizer@68b6f0d6, org.springframework.boot.test.mock.mockito.MockitoContextCustomizer@0, org.springframework.boot.test.web.client.TestRestTemplateContextCustomizer@75f65e45, org.springframework.boot.test.context.SpringBootTestArgs@1, org.springframework.boot.test.context.SpringBootTestWebEnvironment@7975d1d8], resourceBasePath = 'src/main/webapp', contextLoader = 'org.springframework.boot.test.context.SpringBootContextLoader', parent = [null]], attributes = map['org.springframework.test.context.web.ServletTestExecutionListener.activateListener' -> true, 'org.springframework.test.context.web.ServletTestExecutionListener.populatedRequestContextHolder' -> true, 'org.springframework.test.context.web.ServletTestExecutionListener.resetRequestContextHolder' -> true, 'org.springframework.test.context.event.ApplicationEventsTestExecutionListener.recordApplicationEvents' -> false]]
]]></system-out>
  <system-err><![CDATA[]]></system-err>
</testsuite>
